<?xml version="1.0" encoding="UTF-8"?>
<testng-results total="1" passed="1" failed="0" skipped="0">
  <reporter-output>
  </reporter-output>
  <suite started-at="2025-04-07T05:20:02Z" name="Default suite" finished-at="2025-04-07T05:20:04Z" duration-ms="2303">
    <groups>
    </groups>
    <test started-at="2025-04-07T05:20:02Z" name="Default test" finished-at="2025-04-07T05:20:04Z" duration-ms="2303">
      <class name="grid.Gridsampletest">
        <test-method signature="sample()[pri:0, instance:grid.Gridsampletest@77128536]" started-at="2025-04-07T10:50:02Z" name="sample" finished-at="2025-04-07T10:50:04Z" duration-ms="2291" status="PASS">
          <reporter-output>
          </reporter-output>
        </test-method> <!-- sample -->
      </class> <!-- grid.Gridsampletest -->
    </test> <!-- Default test -->
  </suite> <!-- Default suite -->
</testng-results>
